<?xml version="1.0" encoding="UTF-8"?>
<!-- Generated by org.testng.reporters.JUnitXMLReporter -->
<testsuite ignored="0" hostname="DESKTOP-MOEREO5" failures="0" tests="6" name="Test" time="0.143" errors="0" timestamp="2022-03-21T07:15:00 IST">
  <testcase classname="Mavenselenium.Framemaven.SeleniumTest" name="javaseleni" time="0.017"/>
  <testcase classname="Mavenselenium.Framemaven.SeleniumTest" name="seleni" time="0.002"/>
  <testcase classname="Mavenselenium.Framemaven.RestApiTest" name="rest" time="0.003"/>
  <testcase classname="Mavenselenium.Framemaven.RestApiTest" name="tinga" time="0.003"/>
  <testcase classname="Mavenselenium.Framemaven.ApiumTest" name="appi" time="0.002"/>
  <testcase classname="Mavenselenium.Framemaven.ApiumTest" name="umm" time="0.003"/>
</testsuite> <!-- Test -->
