<?xml version="1.0" encoding="UTF-8"?>
<!-- Generated by org.testng.reporters.JUnitXMLReporter -->
<testsuite ignored="0" hostname="DESKTOP-MOEREO5" failures="0" tests="6" name="Command line test" time="0.061" errors="0" timestamp="2022-03-08T04:26:55 IST">
  <testcase classname="Mavenselenium.Framemaven.ApiumTest" name="appi" time="0.005"/>
  <testcase classname="Mavenselenium.Framemaven.ApiumTest" name="umm" time="0.0"/>
  <testcase classname="Mavenselenium.Framemaven.RestApiTest" name="rest" time="0.001"/>
  <testcase classname="Mavenselenium.Framemaven.RestApiTest" name="tinga" time="0.0"/>
  <testcase classname="Mavenselenium.Framemaven.SeleniumTest" name="javaseleni" time="0.0"/>
  <testcase classname="Mavenselenium.Framemaven.SeleniumTest" name="seleni" time="0.0"/>
</testsuite> <!-- Command line test -->
