<?xml version="1.0" encoding="UTF-8"?>
<testng-results ignored="0" total="6" passed="6" failed="0" skipped="0">
  <reporter-output>
  </reporter-output>
  <suite started-at="2022-03-08T04:26:55 IST" name="Command line suite" finished-at="2022-03-08T04:26:55 IST" duration-ms="61">
    <groups>
    </groups>
    <test started-at="2022-03-08T04:26:55 IST" name="Command line test" finished-at="2022-03-08T04:26:55 IST" duration-ms="61">
      <class name="Mavenselenium.Framemaven.ApiumTest">
        <test-method signature="appi()[pri:0, instance:Mavenselenium.Framemaven.ApiumTest@77e4c80f]" started-at="2022-03-08T04:26:55 IST" name="appi" finished-at="2022-03-08T04:26:55 IST" duration-ms="5" status="PASS">
          <reporter-output>
          </reporter-output>
        </test-method> <!-- appi -->
        <test-method signature="umm()[pri:0, instance:Mavenselenium.Framemaven.ApiumTest@77e4c80f]" started-at="2022-03-08T04:26:55 IST" name="umm" finished-at="2022-03-08T04:26:55 IST" duration-ms="0" status="PASS">
          <reporter-output>
          </reporter-output>
        </test-method> <!-- umm -->
      </class> <!-- Mavenselenium.Framemaven.ApiumTest -->
      <class name="Mavenselenium.Framemaven.SeleniumTest">
        <test-method signature="javaseleni()[pri:0, instance:Mavenselenium.Framemaven.SeleniumTest@3b2c72c2]" started-at="2022-03-08T04:26:55 IST" name="javaseleni" finished-at="2022-03-08T04:26:55 IST" duration-ms="0" status="PASS">
          <reporter-output>
          </reporter-output>
        </test-method> <!-- javaseleni -->
        <test-method signature="seleni()[pri:0, instance:Mavenselenium.Framemaven.SeleniumTest@3b2c72c2]" started-at="2022-03-08T04:26:55 IST" name="seleni" finished-at="2022-03-08T04:26:55 IST" duration-ms="0" status="PASS">
          <reporter-output>
          </reporter-output>
        </test-method> <!-- seleni -->
      </class> <!-- Mavenselenium.Framemaven.SeleniumTest -->
      <class name="Mavenselenium.Framemaven.RestApiTest">
        <test-method signature="rest()[pri:0, instance:Mavenselenium.Framemaven.RestApiTest@4f9a3314]" started-at="2022-03-08T04:26:55 IST" name="rest" finished-at="2022-03-08T04:26:55 IST" duration-ms="1" status="PASS">
          <reporter-output>
          </reporter-output>
        </test-method> <!-- rest -->
        <test-method signature="tinga()[pri:0, instance:Mavenselenium.Framemaven.RestApiTest@4f9a3314]" started-at="2022-03-08T04:26:55 IST" name="tinga" finished-at="2022-03-08T04:26:55 IST" duration-ms="0" status="PASS">
          <reporter-output>
          </reporter-output>
        </test-method> <!-- tinga -->
      </class> <!-- Mavenselenium.Framemaven.RestApiTest -->
    </test> <!-- Command line test -->
  </suite> <!-- Command line suite -->
</testng-results>
