<?xml version="1.0" encoding="UTF-8"?>
<testng-results ignored="0" total="6" passed="6" failed="0" skipped="0">
  <reporter-output>
  </reporter-output>
  <suite started-at="2022-03-21T07:14:59 IST" name="Suite" finished-at="2022-03-21T07:15:00 IST" duration-ms="143">
    <groups>
    </groups>
    <test started-at="2022-03-21T07:14:59 IST" name="Test" finished-at="2022-03-21T07:15:00 IST" duration-ms="143">
      <class name="Mavenselenium.Framemaven.ApiumTest">
        <test-method signature="appi()[pri:0, instance:Mavenselenium.Framemaven.ApiumTest@54a7079e]" started-at="2022-03-21T07:15:00 IST" name="appi" finished-at="2022-03-21T07:15:00 IST" duration-ms="2" status="PASS">
          <reporter-output>
          </reporter-output>
        </test-method> <!-- appi -->
        <test-method signature="umm()[pri:0, instance:Mavenselenium.Framemaven.ApiumTest@54a7079e]" started-at="2022-03-21T07:15:00 IST" name="umm" finished-at="2022-03-21T07:15:00 IST" duration-ms="3" status="PASS">
          <reporter-output>
          </reporter-output>
        </test-method> <!-- umm -->
      </class> <!-- Mavenselenium.Framemaven.ApiumTest -->
      <class name="Mavenselenium.Framemaven.SeleniumTest">
        <test-method signature="javaseleni()[pri:0, instance:Mavenselenium.Framemaven.SeleniumTest@ffaa6af]" started-at="2022-03-21T07:14:59 IST" name="javaseleni" finished-at="2022-03-21T07:14:59 IST" duration-ms="17" status="PASS">
          <reporter-output>
          </reporter-output>
        </test-method> <!-- javaseleni -->
        <test-method signature="seleni()[pri:0, instance:Mavenselenium.Framemaven.SeleniumTest@ffaa6af]" started-at="2022-03-21T07:14:59 IST" name="seleni" finished-at="2022-03-21T07:14:59 IST" duration-ms="2" status="PASS">
          <reporter-output>
          </reporter-output>
        </test-method> <!-- seleni -->
      </class> <!-- Mavenselenium.Framemaven.SeleniumTest -->
      <class name="Mavenselenium.Framemaven.RestApiTest">
        <test-method signature="rest()[pri:0, instance:Mavenselenium.Framemaven.RestApiTest@4310d43]" started-at="2022-03-21T07:15:00 IST" name="rest" finished-at="2022-03-21T07:15:00 IST" duration-ms="3" status="PASS">
          <reporter-output>
          </reporter-output>
        </test-method> <!-- rest -->
        <test-method signature="tinga()[pri:0, instance:Mavenselenium.Framemaven.RestApiTest@4310d43]" started-at="2022-03-21T07:15:00 IST" name="tinga" finished-at="2022-03-21T07:15:00 IST" duration-ms="3" status="PASS">
          <reporter-output>
          </reporter-output>
        </test-method> <!-- tinga -->
      </class> <!-- Mavenselenium.Framemaven.RestApiTest -->
    </test> <!-- Test -->
  </suite> <!-- Suite -->
</testng-results>
